2023-09-10 15:13:04.249 [info] Reading sessions from secret storage...
2023-09-10 15:13:04.249 [info] Got 0 stored sessions
2023-09-10 15:13:04.255 [info] Getting sessions for all scopes...
2023-09-10 15:13:04.255 [info] Got 0 sessions for all scopes...
2023-09-10 15:13:04.255 [info] Getting sessions for the following scopes: email offline_access openid profile
2023-09-10 15:13:04.255 [info] Got 0 sessions for scopes: email offline_access openid profile
2023-09-10 15:13:20.995 [info] Getting sessions for the following scopes: email offline_access openid profile
2023-09-10 15:13:20.995 [info] Got 0 sessions for scopes: email offline_access openid profile
2023-09-10 15:13:38.843 [info] Getting sessions for the following scopes: email offline_access openid profile
2023-09-10 15:13:38.843 [info] Got 0 sessions for scopes: email offline_access openid profile
2023-09-10 15:13:38.843 [info] Getting sessions for the following scopes: email offline_access openid profile
2023-09-10 15:13:38.843 [info] Got 0 sessions for scopes: email offline_access openid profile
2023-09-10 15:14:02.183 [info] Reading sessions from secret storage...
2023-09-10 15:14:02.183 [info] Got 0 stored sessions
2023-09-10 15:14:02.185 [info] Getting sessions for all scopes...
2023-09-10 15:14:02.185 [info] Got 0 sessions for all scopes...
2023-09-10 15:14:02.185 [info] Getting sessions for the following scopes: email offline_access openid profile
2023-09-10 15:14:02.185 [info] Got 0 sessions for scopes: email offline_access openid profile
2023-09-10 15:15:04.157 [info] Reading sessions from secret storage...
2023-09-10 15:15:04.172 [info] Got 0 stored sessions
2023-09-10 15:15:04.174 [info] Getting sessions for all scopes...
2023-09-10 15:15:04.175 [info] Got 0 sessions for all scopes...
2023-09-10 15:15:04.282 [info] Getting sessions for the following scopes: email offline_access openid profile
2023-09-10 15:15:04.282 [info] Got 0 sessions for scopes: email offline_access openid profile
2023-09-10 15:15:58.337 [info] Reading sessions from secret storage...
2023-09-10 15:15:58.337 [info] Got 0 stored sessions
2023-09-10 15:15:58.337 [info] Getting sessions for all scopes...
2023-09-10 15:15:58.337 [info] Got 0 sessions for all scopes...
2023-09-10 15:15:58.368 [info] Getting sessions for the following scopes: email offline_access openid profile
2023-09-10 15:15:58.368 [info] Got 0 sessions for scopes: email offline_access openid profile
