2023-09-10 15:13:03.367 [info] Started initializing default profile extensions in extensions installation folder. file:///home/nikita/.vscode/extensions
2023-09-10 15:13:03.576 [info] Completed initializing default profile extensions in extensions installation folder. file:///home/nikita/.vscode/extensions
2023-09-10 15:13:06.332 [info] [perf] Render performance baseline is 55ms
2023-09-10 15:13:38.775 [info] Settings Sync: Updated current session 36a69cb243215aa3
2023-09-10 15:13:49.128 [warning] [lifecycle] onBeforeShutdown is taking a long time, pending operations: veto.settingsSync
2023-09-10 15:13:52.464 [info] [lifecycle]: Shutdown was prevented (id: veto.settingsSync)
2023-09-10 15:14:04.125 [info] [perf] Render performance baseline is 26ms
2023-09-10 15:14:58.047 [info] Invoking resolveAuthority(ssh-remote)...
2023-09-10 15:14:58.048 [info] [LocalProcess0][resolveAuthority(ssh-remote,1)][0ms] obtaining proxy...
2023-09-10 15:14:58.351 [info] [LocalProcess0][resolveAuthority(ssh-remote,1)][303ms] invoking...
2023-09-10 15:14:59.351 [info] [LocalProcess0][resolveAuthority(ssh-remote,1)][1304ms] waiting...
2023-09-10 15:15:00.351 [info] [LocalProcess0][resolveAuthority(ssh-remote,1)][2304ms] waiting...
2023-09-10 15:15:01.351 [info] [LocalProcess0][resolveAuthority(ssh-remote,1)][3304ms] waiting...
2023-09-10 15:15:02.351 [info] [LocalProcess0][resolveAuthority(ssh-remote,1)][4304ms] waiting...
2023-09-10 15:15:02.836 [error] [Extension Host] (node:31699) [DEP0005] DeprecationWarning: Buffer() is deprecated due to security and usability issues. Please use the Buffer.alloc(), Buffer.allocUnsafe(), or Buffer.from() methods instead.
(Use `exe --trace-deprecation ...` to show where the warning was created)
2023-09-10 15:15:02.848 [info] [LocalProcess0][resolveAuthority(ssh-remote,1)][4801ms] returned WebSocket(127.0.0.1:38295)
2023-09-10 15:15:02.849 [info] resolveAuthority(ssh-remote) returned 'WebSocket(127.0.0.1:38295)' after 4801 ms
2023-09-10 15:15:02.907 [info] Creating a socket (renderer-Management-ed15e03d-d2f3-4442-93ea-298eef2be85e)...
2023-09-10 15:15:02.908 [info] Creating a socket (renderer-ExtensionHost-e6700d3c-d040-49fe-a79e-6b15f1d1e1f9)...
2023-09-10 15:15:02.979 [info] Creating a socket (renderer-Management-ed15e03d-d2f3-4442-93ea-298eef2be85e) was successful after 73 ms.
2023-09-10 15:15:03.010 [info] Creating a socket (renderer-ExtensionHost-e6700d3c-d040-49fe-a79e-6b15f1d1e1f9) was successful after 103 ms.
2023-09-10 15:15:03.513 [error] Extension 'ms-python.python' wants API proposal 'envCollectionWorkspace' but that proposal DOES NOT EXIST. Likely, the proposal has been finalized (check 'vscode.d.ts') or was abandoned.
2023-09-10 15:15:03.513 [error] Extension 'ms-python.python' wants API proposal 'envCollectionOptions' but that proposal DOES NOT EXIST. Likely, the proposal has been finalized (check 'vscode.d.ts') or was abandoned.
2023-09-10 15:15:04.088 [info] [perf] Render performance baseline is 33ms
2023-09-10 15:15:53.660 [info] Invoking resolveAuthority(ssh-remote)...
2023-09-10 15:15:53.660 [info] [LocalProcess0][resolveAuthority(ssh-remote,1)][0ms] obtaining proxy...
2023-09-10 15:15:53.660 [info] [LocalProcess0][resolveAuthority(ssh-remote,1)][0ms] invoking...
2023-09-10 15:15:54.660 [info] [LocalProcess0][resolveAuthority(ssh-remote,1)][1000ms] waiting...
2023-09-10 15:15:55.660 [info] [LocalProcess0][resolveAuthority(ssh-remote,1)][2000ms] waiting...
2023-09-10 15:15:56.660 [info] [LocalProcess0][resolveAuthority(ssh-remote,1)][3000ms] waiting...
2023-09-10 15:15:57.111 [error] [Extension Host] (node:31844) [DEP0005] DeprecationWarning: Buffer() is deprecated due to security and usability issues. Please use the Buffer.alloc(), Buffer.allocUnsafe(), or Buffer.from() methods instead.
(Use `exe --trace-deprecation ...` to show where the warning was created)
2023-09-10 15:15:57.126 [info] [LocalProcess0][resolveAuthority(ssh-remote,1)][3466ms] returned WebSocket(127.0.0.1:42031)
2023-09-10 15:15:57.127 [info] resolveAuthority(ssh-remote) returned 'WebSocket(127.0.0.1:42031)' after 3467 ms
2023-09-10 15:15:57.127 [info] Creating a socket (renderer-Management-5761d0af-9973-47a4-a9b5-6c8b80c0a9d9)...
2023-09-10 15:15:57.128 [info] Creating a socket (renderer-ExtensionHost-a7a024a9-922a-475c-b436-c16a50bda4fc)...
2023-09-10 15:15:57.140 [info] Creating a socket (renderer-Management-5761d0af-9973-47a4-a9b5-6c8b80c0a9d9) was successful after 13 ms.
2023-09-10 15:15:57.157 [info] Creating a socket (renderer-ExtensionHost-a7a024a9-922a-475c-b436-c16a50bda4fc) was successful after 29 ms.
2023-09-10 15:15:58.401 [info] [perf] Render performance baseline is 28ms
