2023-09-10 15:13:03.214 [info] Added views:workbench.panel.markers.view in workbench.panel.markers
2023-09-10 15:13:03.215 [info] Added views:workbench.panel.output in workbench.panel.output
2023-09-10 15:13:03.215 [info] Added views:terminal in terminal
2023-09-10 15:13:03.215 [info] Added views:outline in workbench.view.explorer
2023-09-10 15:13:03.215 [info] Added views:workbench.scm in workbench.view.scm
2023-09-10 15:13:03.215 [info] Added views:workbench.view.search in workbench.view.search
2023-09-10 15:13:03.215 [info] Added views:timeline in workbench.view.explorer
2023-09-10 15:13:03.215 [info] Added views:workbench.explorer.emptyView in workbench.view.explorer
2023-09-10 15:13:03.309 [info] Added views:workbench.debug.variablesView,workbench.debug.watchExpressionsView,workbench.debug.callStackView,workbench.debug.breakPointsView in workbench.view.debug
2023-09-10 15:13:03.798 [info] Added views:~remote.forwardedPorts in ~remote.forwardedPortsContainer
2023-09-10 15:13:03.903 [info] Added views:workbench.panel.repl.view in workbench.panel.repl
2023-09-10 15:13:03.906 [info] Removed views:workbench.debug.breakPointsView,workbench.debug.callStackView,workbench.debug.watchExpressionsView,workbench.debug.variablesView from workbench.view.debug
2023-09-10 15:13:03.907 [info] Added views:workbench.debug.welcome in workbench.view.debug
2023-09-10 15:13:40.975 [info] Removed views:workbench.panel.markers.view from workbench.panel.markers
2023-09-10 15:13:40.977 [info] Added views:workbench.panel.markers.view in workbench.views.service.panel.2ade9725-2585-4fca-b760-24f068385fdc
2023-09-10 15:13:40.978 [info] Removed views:terminal from terminal
2023-09-10 15:13:40.980 [info] Added views:terminal in workbench.views.service.panel.3f42ce6d-101b-449e-85ab-8a071f837fcf
2023-09-10 15:13:54.008 [info] Added views:remoteTargets in workbench.view.remote
2023-09-10 15:14:01.378 [info] Added views:workbench.panel.output in workbench.panel.output
2023-09-10 15:14:01.378 [info] Added views:outline in workbench.view.explorer
2023-09-10 15:14:01.378 [info] Added views:workbench.scm in workbench.view.scm
2023-09-10 15:14:01.378 [info] Added views:workbench.view.search in workbench.view.search
2023-09-10 15:14:01.378 [info] Added views:workbench.panel.markers.view in workbench.views.service.panel.2ade9725-2585-4fca-b760-24f068385fdc
2023-09-10 15:14:01.378 [info] Added views:terminal in workbench.views.service.panel.3f42ce6d-101b-449e-85ab-8a071f837fcf
2023-09-10 15:14:01.378 [info] Added views:timeline in workbench.view.explorer
2023-09-10 15:14:01.378 [info] Added views:workbench.explorer.emptyView in workbench.view.explorer
2023-09-10 15:14:01.640 [info] Added views:remoteTargets in workbench.view.remote
2023-09-10 15:14:01.793 [info] Added views:workbench.debug.welcome in workbench.view.debug
2023-09-10 15:14:01.862 [info] Added views:workbench.panel.repl.view in workbench.panel.repl
2023-09-10 15:14:02.083 [info] Added views:~remote.forwardedPorts in ~remote.forwardedPortsContainer
2023-09-10 15:14:04.285 [info] Added views:workbench.views.extensions.installed,workbench.views.extensions.popular,extensions.recommendedList in workbench.view.extensions
2023-09-10 15:14:04.285 [info] Removed views:workbench.views.extensions.popular from workbench.view.extensions
2023-09-10 15:14:55.030 [info] Added views:~remote.helpPanel in workbench.view.remote
2023-09-10 15:14:58.005 [info] Added views:workbench.panel.output in workbench.panel.output
2023-09-10 15:14:58.005 [info] Added views:outline in workbench.view.explorer
2023-09-10 15:14:58.005 [info] Added views:workbench.scm in workbench.view.scm
2023-09-10 15:14:58.005 [info] Added views:workbench.view.search in workbench.view.search
2023-09-10 15:14:58.005 [info] Added views:workbench.panel.markers.view in workbench.views.service.panel.2ade9725-2585-4fca-b760-24f068385fdc
2023-09-10 15:14:58.005 [info] Added views:terminal in workbench.views.service.panel.3f42ce6d-101b-449e-85ab-8a071f837fcf
2023-09-10 15:14:58.005 [info] Added views:timeline in workbench.view.explorer
2023-09-10 15:14:58.005 [info] Added views:workbench.explorer.emptyView in workbench.view.explorer
2023-09-10 15:14:58.202 [info] Added views:workbench.debug.variablesView,workbench.debug.watchExpressionsView,workbench.debug.callStackView,workbench.debug.breakPointsView in workbench.view.debug
2023-09-10 15:14:58.483 [info] Added views:~remote.forwardedPorts in ~remote.forwardedPortsContainer
2023-09-10 15:15:03.582 [info] Added views:remoteTargets in workbench.view.remote
2023-09-10 15:15:03.662 [info] Removed views:workbench.debug.breakPointsView,workbench.debug.callStackView,workbench.debug.watchExpressionsView,workbench.debug.variablesView from workbench.view.debug
2023-09-10 15:15:03.663 [info] Added views:workbench.debug.welcome in workbench.view.debug
2023-09-10 15:15:04.114 [info] Added views:workbench.panel.repl.view in workbench.panel.repl
2023-09-10 15:15:53.274 [info] Added views:workbench.panel.output in workbench.panel.output
2023-09-10 15:15:53.274 [info] Added views:outline in workbench.view.explorer
2023-09-10 15:15:53.274 [info] Added views:workbench.scm in workbench.view.scm
2023-09-10 15:15:53.274 [info] Added views:workbench.view.search in workbench.view.search
2023-09-10 15:15:53.274 [info] Added views:workbench.panel.markers.view in workbench.views.service.panel.2ade9725-2585-4fca-b760-24f068385fdc
2023-09-10 15:15:53.274 [info] Added views:terminal in workbench.views.service.panel.3f42ce6d-101b-449e-85ab-8a071f837fcf
2023-09-10 15:15:53.274 [info] Added views:timeline in workbench.view.explorer
2023-09-10 15:15:53.274 [info] Added views:workbench.explorer.fileView in workbench.view.explorer
2023-09-10 15:15:53.380 [info] Added views:workbench.debug.variablesView,workbench.debug.watchExpressionsView,workbench.debug.callStackView,workbench.debug.breakPointsView in workbench.view.debug
2023-09-10 15:15:53.707 [info] Added views:~remote.forwardedPorts in ~remote.forwardedPortsContainer
2023-09-10 15:15:57.968 [info] Added views:remoteTargets in workbench.view.remote
2023-09-10 15:15:58.047 [info] Removed views:workbench.debug.breakPointsView,workbench.debug.callStackView,workbench.debug.watchExpressionsView,workbench.debug.variablesView from workbench.view.debug
2023-09-10 15:15:58.048 [info] Added views:workbench.debug.welcome in workbench.view.debug
2023-09-10 15:15:58.303 [info] Added views:workbench.panel.repl.view in workbench.panel.repl
2023-09-10 15:16:09.233 [info] Added views:jupyterViewVariables,cell-tag in workbench.view.extension.jupyter-variables
2023-09-10 15:16:09.853 [info] Added views:workbench.view.testing in workbench.view.extension.test
2023-09-10 15:18:11.073 [info] Removed views:workbench.view.testing from workbench.view.extension.test
