2023-09-10 15:18:15.138 [info] Extension host with pid 32215 started
2023-09-10 15:18:15.138 [info] Skipping acquiring lock for /home/nikita/.config/Code/User/workspaceStorage/d96d7abc2908e70d4a5dc564d817d23f.
2023-09-10 15:18:15.145 [info] $getCanonicalURI invoked for authority (ssh-remote)
2023-09-10 15:18:15.150 [info] ExtensionService#_doActivateExtension ms-vscode-remote.remote-ssh, startup: false, activationEvent: 'onResolveRemoteAuthority:ssh-remote'
2023-09-10 15:18:15.179 [info] [resolveAuthority(ssh-remote,1)][0ms] activating remote resolvers ssh-remote+10.100.30.241
2023-09-10 15:18:15.180 [info] [resolveAuthority(ssh-remote,1)][1ms] activating resolver for ssh-remote+10.100.30.241...
2023-09-10 15:18:15.180 [info] [resolveAuthority(ssh-remote,1)][1ms] invoking final resolve()...
2023-09-10 15:18:16.180 [info] [resolveAuthority(ssh-remote,1)][1001ms] waiting...
2023-09-10 15:18:17.181 [info] [resolveAuthority(ssh-remote,1)][2002ms] waiting...
2023-09-10 15:18:18.030 [info] [resolveAuthority(ssh-remote,1)][2851ms] setting tunnel factory...
2023-09-10 15:18:18.031 [info] [resolveAuthority(ssh-remote,1)][2852ms] returned 127.0.0.1:39283
2023-09-10 15:18:18.761 [info] Eager extensions activated
2023-09-10 15:18:18.797 [info] ExtensionService#_doActivateExtension Catppuccin.catppuccin-vsc, startup: false, activationEvent: 'onStartupFinished'
2023-09-10 15:18:18.799 [info] ExtensionService#_doActivateExtension ms-vscode.remote-explorer, startup: false, activationEvent: 'onCommand:remote-internal.setActiveFolders'
2023-09-10 15:18:18.800 [info] ExtensionService#_doActivateExtension vscode.github-authentication, startup: false, activationEvent: 'onAuthenticationRequest:github'
2023-09-10 15:18:19.078 [info] ExtensionService#_doActivateExtension vscode.microsoft-authentication, startup: false, activationEvent: 'onAuthenticationRequest:microsoft'
2023-09-10 15:18:43.727 [info] Extension host terminating: renderer closed the MessagePort
2023-09-10 15:18:43.733 [error] Canceled: Canceled
	at new h (/opt/visual-studio-code/resources/app/out/vs/workbench/api/node/extensionHostProcess.js:107:57382)
	at i.O (/opt/visual-studio-code/resources/app/out/vs/workbench/api/node/extensionHostProcess.js:116:10850)
	at j.<computed>.T.charCodeAt.j.<computed> (/opt/visual-studio-code/resources/app/out/vs/workbench/api/node/extensionHostProcess.js:116:8289)
	at r.g (/opt/visual-studio-code/resources/app/out/vs/workbench/api/node/extensionHostProcess.js:107:82208)
	at r.executeCommand (/opt/visual-studio-code/resources/app/out/vs/workbench/api/node/extensionHostProcess.js:107:81646)
	at u.registerCommand.description (/opt/visual-studio-code/resources/app/out/vs/workbench/api/node/extensionHostProcess.js:107:80967)
	at r.h (/opt/visual-studio-code/resources/app/out/vs/workbench/api/node/extensionHostProcess.js:107:82744)
	at r.g (/opt/visual-studio-code/resources/app/out/vs/workbench/api/node/extensionHostProcess.js:107:81739)
	at r.executeCommand (/opt/visual-studio-code/resources/app/out/vs/workbench/api/node/extensionHostProcess.js:107:81646)
	at Object.executeCommand (/opt/visual-studio-code/resources/app/out/vs/workbench/api/node/extensionHostProcess.js:122:21247)
	at t.shutdown (/home/nikita/.vscode/extensions/ms-vscode-remote.remote-ssh-0.106.2/out/extension.js:2:720220)
	at e.deactivate (/home/nikita/.vscode/extensions/ms-vscode-remote.remote-ssh-0.106.2/out/extension.js:2:904898)
	at n.Z (/opt/visual-studio-code/resources/app/out/vs/workbench/api/node/extensionHostProcess.js:118:9460)
	at /opt/visual-studio-code/resources/app/out/vs/workbench/api/node/extensionHostProcess.js:118:7585
	at Array.map (<anonymous>)
	at n.S (/opt/visual-studio-code/resources/app/out/vs/workbench/api/node/extensionHostProcess.js:118:7572)
	at n.terminate (/opt/visual-studio-code/resources/app/out/vs/workbench/api/node/extensionHostProcess.js:118:7844)
	at o.terminate (/opt/visual-studio-code/resources/app/out/vs/workbench/api/node/extensionHostProcess.js:122:1513)
	at D (/opt/visual-studio-code/resources/app/out/vs/workbench/api/node/extensionHostProcess.js:135:9800)
	at MessagePortMain.<anonymous> (/opt/visual-studio-code/resources/app/out/vs/workbench/api/node/extensionHostProcess.js:135:6225)
	at MessagePortMain.emit (node:events:513:28)
	at MessagePortMain._internalPort.emit (node:electron/js2c/utility_init:2:367) setContext undefined
2023-09-10 15:18:43.733 [info] Extension host with pid 32215 exiting with code 0
