[15:18:47.349] Log Level: 2
[15:18:47.360] VS Code version: 1.82.0
[15:18:47.360] Remote-SSH version: remote-ssh@0.106.2
[15:18:47.360] linux x64
[15:18:47.367] SSH Resolver called for "ssh-remote+10.100.30.241", attempt 1
[15:18:47.368] "remote.SSH.useLocalServer": true
[15:18:47.368] "remote.SSH.path": undefined
[15:18:47.368] "remote.SSH.configFile": undefined
[15:18:47.368] "remote.SSH.useFlock": true
[15:18:47.368] "remote.SSH.lockfilesInTmp": false
[15:18:47.368] "remote.SSH.localServerDownload": auto
[15:18:47.368] "remote.SSH.remoteServerListenOnSocket": false
[15:18:47.368] "remote.SSH.showLoginTerminal": true
[15:18:47.368] "remote.SSH.defaultExtensions": []
[15:18:47.369] "remote.SSH.loglevel": 2
[15:18:47.369] "remote.SSH.enableDynamicForwarding": true
[15:18:47.369] "remote.SSH.enableRemoteCommand": false
[15:18:47.369] "remote.SSH.serverPickPortsFromRange": {}
[15:18:47.369] "remote.SSH.serverInstallPath": {}
[15:18:47.372] SSH Resolver called for host: 10.100.30.241
[15:18:47.372] Setting up SSH remote "10.100.30.241"
[15:18:47.375] Acquiring local install lock: /tmp/vscode-remote-ssh-69e67e69-install.lock
[15:18:47.378] Looking for existing server data file at /home/nikita/.config/Code/User/globalStorage/ms-vscode-remote.remote-ssh/vscode-ssh-host-69e67e69-8b617bd08fd9e3fc94d14adb8d358b56e3f72314-0.106.2/data.json
[15:18:47.378] Using commit id "8b617bd08fd9e3fc94d14adb8d358b56e3f72314" and quality "stable" for server
[15:18:47.380] Install and start server if needed
[15:18:47.382] PATH: /usr/local/sbin:/usr/local/bin:/usr/bin:/usr/bin/site_perl:/usr/bin/vendor_perl:/usr/bin/core_perl
[15:18:47.382] Checking ssh with "ssh -V"
[15:18:47.398] > OpenSSH_9.4p1, OpenSSL 3.1.2 1 Aug 2023

[15:18:47.402] askpass server listening on /run/user/1000/vscode-ssh-askpass-ae743d688e0c074b563404e71f1a73b8e216e049.sock
[15:18:47.402] Spawning local server with {"serverId":1,"ipcHandlePath":"/run/user/1000/vscode-ssh-askpass-1322a7623c2f89a8eaba6ab034e1008d094dc94a.sock","sshCommand":"ssh","sshArgs":["-v","-T","-D","41381","-o","ConnectTimeout=15","10.100.30.241"],"serverDataFolderName":".vscode-server","dataFilePath":"/home/nikita/.config/Code/User/globalStorage/ms-vscode-remote.remote-ssh/vscode-ssh-host-69e67e69-8b617bd08fd9e3fc94d14adb8d358b56e3f72314-0.106.2/data.json"}
[15:18:47.402] Local server env: {"SHELL":"/usr/bin/zsh","DISPLAY":":0","ELECTRON_RUN_AS_NODE":"1","SSH_ASKPASS":"/home/nikita/.vscode/extensions/ms-vscode-remote.remote-ssh-0.106.2/out/local-server/askpass.sh","VSCODE_SSH_ASKPASS_NODE":"/opt/visual-studio-code/code","VSCODE_SSH_ASKPASS_EXTRA_ARGS":"--ms-enable-electron-run-as-node","VSCODE_SSH_ASKPASS_MAIN":"/home/nikita/.vscode/extensions/ms-vscode-remote.remote-ssh-0.106.2/out/askpass-main.js","VSCODE_SSH_ASKPASS_HANDLE":"/run/user/1000/vscode-ssh-askpass-ae743d688e0c074b563404e71f1a73b8e216e049.sock"}
[15:18:47.409] Spawned 32561
[15:18:47.512] > local-server-1> Running ssh connection command: "-v -T -D 41381 -o ConnectTimeout=15 10.100.30.241"
[15:18:47.519] > local-server-1> Spawned ssh, pid=32571
[15:18:47.528] stderr> OpenSSH_9.4p1, OpenSSL 3.1.2 1 Aug 2023
[15:18:47.575] stderr> debug1: Server host key: ssh-ed25519 SHA256:64oUIBC3VbSt6V+I3PDzeWNVCW0xyH5BajHniFdBuEU
[15:18:47.743] Got askpass request: {"request":"Enter passphrase for key '/home/nikita/.ssh/id_ed25519':"}
[15:18:47.744] Detected passphrase message
[15:18:47.746] Listening for interwindow password on /run/user/1000/vscode-ssh-askpass-a26770b7e4bdcec679af1914ab1f4773135bba77.sock
[15:18:47.746] Writing password prompt to globalState
[15:18:52.170] Got passphrase response
[15:18:52.170] Interactor gave response: *******
[15:18:52.170] Cleaning up other-window auth server
[15:18:52.320] stderr> Authenticated to 10.100.30.241 ([10.100.30.241]:2222) using "publickey".
[15:18:52.354] > Welcome to Ubuntu 20.04.6 LTS (GNU/Linux 5.15.0-78-generic x86_64)
> 
>  * Documentation:  https://help.ubuntu.com
>  * Management:     https://landscape.canonical.com
>  * Support:        https://ubuntu.com/advantage
> 
> This system has been minimized by removing packages and content that are
> not required on a system that users do not log into.
> 
> To restore this content, you can run the 'unminimize' command.
[15:18:52.358] > ready: 174062cdd059
[15:18:52.361] > Linux 5.15.0-78-generic #85-Ubuntu SMP Fri Jul 7 15:25:09 UTC 2023
[15:18:52.361] Platform: linux
[15:18:52.362] > /usr/bin/zsh
[15:18:52.362] Shell: zsh
[15:18:52.362] Creating bash subshell inside "zsh"
[15:18:52.366] > bash version:  5.0.17(1)-release
[15:18:52.387] > 174062cdd059: running
[15:18:52.425] > Acquiring lock on /root/.vscode-server/bin/8b617bd08fd9e3fc94d14adb8d358b56e3f72314/vscode-remote-lock.root.8b617bd08fd9e3fc94d14adb8d358b56e3f72314
[15:18:52.432] > Found existing installation at /root/.vscode-server/bin/8b617bd08fd9e3fc94d14adb8d358b56e3f72314...
> Checking /root/.vscode-server/.8b617bd08fd9e3fc94d14adb8d358b56e3f72314.log and /root/.vscode-server/.8b617bd08fd9e3fc94d14adb8d358b56e3f72314.pid for a running server
[15:18:52.434] > Looking for server with pid: 1197315
[15:18:52.448] > Found running server...
[15:18:52.450] >  
> *
> * Visual Studio Code Server
> *
> * By using the software, you agree to
> * the Visual Studio Code Server License Terms (https://aka.ms/vscode-server-license) and
> * the Microsoft Privacy Statement (https://privacy.microsoft.com/en-US/privacystatement).
> *
>  
[15:18:52.465] > Checking server status on port 44437 with wget
[15:18:52.474] > 174062cdd059: start
> SSH_AUTH_SOCK====
> DISPLAY====
> webUiAccessToken====
> listeningOn==44437==
> osReleaseId==ubuntu==
> arch==x86_64==
> vscodeArch==x64==
> bitness==64==
> tmpDir==/tmp==
> platform==linux==
[15:18:52.475] > unpackResult====
> didLocalDownload==0==
> downloadTime====
> installTime====
> extInstallTime====
> serverStartTime====
> connectionToken==a11a1111-1aa1-1111-a1a1-a1a111a111aa==
> 174062cdd059: end
[15:18:52.475] Received install output: 
SSH_AUTH_SOCK====
DISPLAY====
webUiAccessToken====
listeningOn==44437==
osReleaseId==ubuntu==
arch==x86_64==
vscodeArch==x64==
bitness==64==
tmpDir==/tmp==
platform==linux==unpackResult====
didLocalDownload==0==
downloadTime====
installTime====
extInstallTime====
serverStartTime====
connectionToken==a11a1111-1aa1-1111-a1a1-a1a111a111aa==

[15:18:52.475] Remote server is listening on port 44437
[15:18:52.475] Parsed server configuration: {"serverConfiguration":{"remoteListeningOn":{"port":44437},"osReleaseId":"ubuntu","arch":"x86_64","webUiAccessToken":"","sshAuthSock":"","display":"","tmpDir":"/tmp","platform":"linux","connectionToken":"a11a1111-1aa1-1111-a1a1-a1a111a111aa"},"installUnpackCode":""}
[15:18:52.476] Persisting server connection details to /home/nikita/.config/Code/User/globalStorage/ms-vscode-remote.remote-ssh/vscode-ssh-host-69e67e69-8b617bd08fd9e3fc94d14adb8d358b56e3f72314-0.106.2/data.json
[15:18:52.479] Starting forwarding server. local port 41771 -> socksPort 41381 -> remotePort 44437
[15:18:52.479] Forwarding server listening on port 41771
[15:18:52.480] Waiting for ssh tunnel to be ready
[15:18:52.481] [Forwarding server port 41771] Got connection 0
[15:18:52.482] Tunneled port 44437 to local port 41771
[15:18:52.482] Resolved "ssh-remote+10.100.30.241" to "port 41771"
[15:18:52.498] ------




[15:18:52.516] [Forwarding server port 41771] Got connection 1
[15:18:52.535] [Forwarding server port 41771] Got connection 2
[15:18:58.860] [Forwarding server port 41771] Got connection 3
