[15:18:15.162] Log Level: 2
[15:18:15.174] VS Code version: 1.82.0
[15:18:15.174] Remote-SSH version: remote-ssh@0.106.2
[15:18:15.174] linux x64
[15:18:15.181] SSH Resolver called for "ssh-remote+10.100.30.241", attempt 1
[15:18:15.181] "remote.SSH.useLocalServer": true
[15:18:15.181] "remote.SSH.path": undefined
[15:18:15.182] "remote.SSH.configFile": undefined
[15:18:15.182] "remote.SSH.useFlock": true
[15:18:15.182] "remote.SSH.lockfilesInTmp": false
[15:18:15.182] "remote.SSH.localServerDownload": auto
[15:18:15.182] "remote.SSH.remoteServerListenOnSocket": false
[15:18:15.182] "remote.SSH.showLoginTerminal": true
[15:18:15.182] "remote.SSH.defaultExtensions": []
[15:18:15.182] "remote.SSH.loglevel": 2
[15:18:15.182] "remote.SSH.enableDynamicForwarding": true
[15:18:15.183] "remote.SSH.enableRemoteCommand": false
[15:18:15.183] "remote.SSH.serverPickPortsFromRange": {}
[15:18:15.183] "remote.SSH.serverInstallPath": {}
[15:18:15.186] SSH Resolver called for host: 10.100.30.241
[15:18:15.186] Setting up SSH remote "10.100.30.241"
[15:18:15.189] Acquiring local install lock: /tmp/vscode-remote-ssh-69e67e69-install.lock
[15:18:15.192] Looking for existing server data file at /home/nikita/.config/Code/User/globalStorage/ms-vscode-remote.remote-ssh/vscode-ssh-host-69e67e69-8b617bd08fd9e3fc94d14adb8d358b56e3f72314-0.106.2/data.json
[15:18:15.193] Using commit id "8b617bd08fd9e3fc94d14adb8d358b56e3f72314" and quality "stable" for server
[15:18:15.195] Install and start server if needed
[15:18:15.198] PATH: /usr/local/sbin:/usr/local/bin:/usr/bin:/usr/bin/site_perl:/usr/bin/vendor_perl:/usr/bin/core_perl
[15:18:15.199] Checking ssh with "ssh -V"
[15:18:15.208] > OpenSSH_9.4p1, OpenSSL 3.1.2 1 Aug 2023

[15:18:15.211] askpass server listening on /run/user/1000/vscode-ssh-askpass-b069ec5edda3852668dfd13a0df82b27cdb9e71a.sock
[15:18:15.211] Spawning local server with {"serverId":1,"ipcHandlePath":"/run/user/1000/vscode-ssh-askpass-a59d7f137dc01a6d4bbe8fb8827887a99094cc01.sock","sshCommand":"ssh","sshArgs":["-v","-T","-D","39737","-o","ConnectTimeout=15","10.100.30.241"],"serverDataFolderName":".vscode-server","dataFilePath":"/home/nikita/.config/Code/User/globalStorage/ms-vscode-remote.remote-ssh/vscode-ssh-host-69e67e69-8b617bd08fd9e3fc94d14adb8d358b56e3f72314-0.106.2/data.json"}
[15:18:15.211] Local server env: {"SHELL":"/usr/bin/zsh","DISPLAY":":0","ELECTRON_RUN_AS_NODE":"1","SSH_ASKPASS":"/home/nikita/.vscode/extensions/ms-vscode-remote.remote-ssh-0.106.2/out/local-server/askpass.sh","VSCODE_SSH_ASKPASS_NODE":"/opt/visual-studio-code/code","VSCODE_SSH_ASKPASS_EXTRA_ARGS":"--ms-enable-electron-run-as-node","VSCODE_SSH_ASKPASS_MAIN":"/home/nikita/.vscode/extensions/ms-vscode-remote.remote-ssh-0.106.2/out/askpass-main.js","VSCODE_SSH_ASKPASS_HANDLE":"/run/user/1000/vscode-ssh-askpass-b069ec5edda3852668dfd13a0df82b27cdb9e71a.sock"}
[15:18:15.217] Spawned 32233
[15:18:15.325] > local-server-1> Running ssh connection command: "-v -T -D 39737 -o ConnectTimeout=15 10.100.30.241"
[15:18:15.331] > local-server-1> Spawned ssh, pid=32241
[15:18:15.339] stderr> OpenSSH_9.4p1, OpenSSL 3.1.2 1 Aug 2023
[15:18:15.387] stderr> debug1: Server host key: ssh-ed25519 SHA256:64oUIBC3VbSt6V+I3PDzeWNVCW0xyH5BajHniFdBuEU
[15:18:15.581] Got askpass request: {"request":"Enter passphrase for key '/home/nikita/.ssh/id_ed25519':"}
[15:18:15.581] Detected passphrase message
[15:18:15.582] Listening for interwindow password on /run/user/1000/vscode-ssh-askpass-62dda0943deaadb57e36a8811c38c41189cf5555.sock
[15:18:15.582] Writing password prompt to globalState
[15:18:17.686] Got passphrase response
[15:18:17.686] Interactor gave response: *******
[15:18:17.687] Cleaning up other-window auth server
[15:18:17.837] stderr> Authenticated to 10.100.30.241 ([10.100.30.241]:2222) using "publickey".
[15:18:17.875] > Welcome to Ubuntu 20.04.6 LTS (GNU/Linux 5.15.0-78-generic x86_64)
> 
>  * Documentation:  https://help.ubuntu.com
>  * Management:     https://landscape.canonical.com
>  * Support:        https://ubuntu.com/advantage
> 
> This system has been minimized by removing packages and content that are
> not required on a system that users do not log into.
> 
> To restore this content, you can run the 'unminimize' command.
[15:18:17.878] > ready: 053661a4f647
[15:18:17.882] > Linux 5.15.0-78-generic #85-Ubuntu SMP Fri Jul 7 15:25:09 UTC 2023
[15:18:17.882] Platform: linux
[15:18:17.884] > /usr/bin/zsh
[15:18:17.884] Shell: zsh
[15:18:17.884] Creating bash subshell inside "zsh"
[15:18:17.888] > bash version:  5.0.17(1)-release
[15:18:17.909] > 053661a4f647: running
[15:18:17.952] > Acquiring lock on /root/.vscode-server/bin/8b617bd08fd9e3fc94d14adb8d358b56e3f72314/vscode-remote-lock.root.8b617bd08fd9e3fc94d14adb8d358b56e3f72314
[15:18:17.959] > Found existing installation at /root/.vscode-server/bin/8b617bd08fd9e3fc94d14adb8d358b56e3f72314...
> Checking /root/.vscode-server/.8b617bd08fd9e3fc94d14adb8d358b56e3f72314.log and /root/.vscode-server/.8b617bd08fd9e3fc94d14adb8d358b56e3f72314.pid for a running server
[15:18:17.961] > Looking for server with pid: 1197315
[15:18:17.980] > Found running server...
>  
> *
> * Visual Studio Code Server
> *
> * By using the software, you agree to
> * the Visual Studio Code Server License Terms (https://aka.ms/vscode-server-license) and
> * the Microsoft Privacy Statement (https://privacy.microsoft.com/en-US/privacystatement).
> *
>  
[15:18:17.994] > Checking server status on port 44437 with wget
[15:18:18.004] > 053661a4f647: start
> SSH_AUTH_SOCK====
> DISPLAY====
> webUiAccessToken====
> listeningOn==44437==
> osReleaseId==ubuntu==
> arch==x86_64==
> vscodeArch==x64==
[15:18:18.005] > bitness==64==
> tmpDir==/tmp==
> platform==linux==
> unpackResult====
> didLocalDownload==0==
> downloadTime====
> installTime====
> extInstallTime====
> serverStartTime====
> connectionToken==a11a1111-1aa1-1111-a1a1-a1a111a111aa==
> 053661a4f647: end
[15:18:18.005] Received install output: 
SSH_AUTH_SOCK====
DISPLAY====
webUiAccessToken====
listeningOn==44437==
osReleaseId==ubuntu==
arch==x86_64==
vscodeArch==x64==bitness==64==
tmpDir==/tmp==
platform==linux==
unpackResult====
didLocalDownload==0==
downloadTime====
installTime====
extInstallTime====
serverStartTime====
connectionToken==a11a1111-1aa1-1111-a1a1-a1a111a111aa==

[15:18:18.006] Remote server is listening on port 44437
[15:18:18.006] Parsed server configuration: {"serverConfiguration":{"remoteListeningOn":{"port":44437},"osReleaseId":"ubuntu","arch":"x86_64","webUiAccessToken":"","sshAuthSock":"","display":"","tmpDir":"/tmp","platform":"linux","connectionToken":"a11a1111-1aa1-1111-a1a1-a1a111a111aa"},"installUnpackCode":""}
[15:18:18.007] Persisting server connection details to /home/nikita/.config/Code/User/globalStorage/ms-vscode-remote.remote-ssh/vscode-ssh-host-69e67e69-8b617bd08fd9e3fc94d14adb8d358b56e3f72314-0.106.2/data.json
[15:18:18.010] Starting forwarding server. local port 39283 -> socksPort 39737 -> remotePort 44437
[15:18:18.011] Forwarding server listening on port 39283
[15:18:18.011] Waiting for ssh tunnel to be ready
[15:18:18.012] [Forwarding server port 39283] Got connection 0
[15:18:18.013] Tunneled port 44437 to local port 39283
[15:18:18.014] Resolved "ssh-remote+10.100.30.241" to "port 39283"
[15:18:18.030] ------




[15:18:18.071] [Forwarding server port 39283] Got connection 1
[15:18:18.092] [Forwarding server port 39283] Got connection 2
[15:18:24.486] [Forwarding server port 39283] Got connection 3
