2023-09-10 15:13:03.979 [info] Reading sessions from keychain...
2023-09-10 15:13:03.979 [info] Getting sessions for all scopes...
2023-09-10 15:13:03.979 [info] Getting sessions for user:email...
2023-09-10 15:13:04.122 [info] Got 0 sessions for ...
2023-09-10 15:13:04.122 [info] Got 0 sessions for user:email...
2023-09-10 15:13:04.138 [info] Getting sessions for all scopes...
2023-09-10 15:13:04.138 [info] Got 0 sessions for ...
2023-09-10 15:13:04.260 [info] Getting sessions for all scopes...
2023-09-10 15:13:04.260 [info] Got 0 sessions for ...
2023-09-10 15:13:20.991 [info] Getting sessions for user:email...
2023-09-10 15:13:20.992 [info] Got 0 sessions for user:email...
2023-09-10 15:13:22.642 [info] Logging in for the following scopes: user:email
2023-09-10 15:13:22.645 [info] Trying without local server... (user:email)
2023-09-10 15:13:33.029 [info] Exchanging code for token...
2023-09-10 15:13:33.660 [info] Token exchange success!
2023-09-10 15:13:33.662 [info] Getting user info...
2023-09-10 15:13:34.355 [info] Got account info!
2023-09-10 15:13:34.356 [info] Storing 1 sessions...
2023-09-10 15:13:38.773 [info] Reading sessions from keychain...
2023-09-10 15:13:38.773 [info] Stored 1 sessions!
2023-09-10 15:13:38.774 [info] Login success!
2023-09-10 15:13:38.811 [info] Getting sessions for user:email...
2023-09-10 15:13:38.812 [info] Getting sessions for user:email...
2023-09-10 15:13:38.812 [info] Got stored sessions!
2023-09-10 15:13:38.812 [info] Got 1 verified sessions.
2023-09-10 15:13:38.812 [info] Got 1 sessions for user:email...
2023-09-10 15:13:38.812 [info] Got 1 sessions for user:email...
2023-09-10 15:14:02.139 [info] Reading sessions from keychain...
2023-09-10 15:14:02.139 [info] Getting sessions for all scopes...
2023-09-10 15:14:02.139 [info] Getting sessions for user:email...
2023-09-10 15:14:02.140 [info] Got stored sessions!
2023-09-10 15:14:02.140 [info] Got 1 verified sessions.
2023-09-10 15:14:02.140 [info] Got 1 sessions for ...
2023-09-10 15:14:02.140 [info] Got 1 sessions for user:email...
2023-09-10 15:14:02.181 [info] Getting sessions for all scopes...
2023-09-10 15:14:02.182 [info] Got 1 sessions for ...
2023-09-10 15:14:02.192 [info] Getting sessions for all scopes...
2023-09-10 15:14:02.192 [info] Got 1 sessions for ...
2023-09-10 15:15:03.726 [info] Reading sessions from keychain...
2023-09-10 15:15:03.735 [info] Getting sessions for all scopes...
2023-09-10 15:15:03.745 [info] Got stored sessions!
2023-09-10 15:15:03.745 [info] Got 1 verified sessions.
2023-09-10 15:15:03.745 [info] Got 1 sessions for ...
2023-09-10 15:15:03.747 [info] Getting sessions for all scopes...
2023-09-10 15:15:03.747 [info] Got 1 sessions for ...
2023-09-10 15:15:04.121 [info] Getting sessions for user:email...
2023-09-10 15:15:04.121 [info] Got 1 sessions for user:email...
2023-09-10 15:15:04.186 [info] Getting sessions for all scopes...
2023-09-10 15:15:04.186 [info] Got 1 sessions for ...
2023-09-10 15:15:58.112 [info] Reading sessions from keychain...
2023-09-10 15:15:58.112 [info] Getting sessions for all scopes...
2023-09-10 15:15:58.127 [info] Got stored sessions!
2023-09-10 15:15:58.127 [info] Got 1 verified sessions.
2023-09-10 15:15:58.127 [info] Got 1 sessions for ...
2023-09-10 15:15:58.196 [info] Getting sessions for all scopes...
2023-09-10 15:15:58.196 [info] Got 1 sessions for ...
2023-09-10 15:15:58.306 [info] Getting sessions for user:email...
2023-09-10 15:15:58.306 [info] Got 1 sessions for user:email...
2023-09-10 15:15:58.342 [info] Getting sessions for all scopes...
2023-09-10 15:15:58.342 [info] Got 1 sessions for ...
