[15:14:58.422] Log Level: 2
[15:14:58.445] SSH Resolver called for "ssh-remote+10.100.30.241", attempt 1
[15:14:58.446] "remote.SSH.useLocalServer": true
[15:14:58.447] "remote.SSH.path": undefined
[15:14:58.447] "remote.SSH.configFile": undefined
[15:14:58.447] "remote.SSH.useFlock": true
[15:14:58.447] "remote.SSH.lockfilesInTmp": false
[15:14:58.447] "remote.SSH.localServerDownload": auto
[15:14:58.447] "remote.SSH.remoteServerListenOnSocket": false
[15:14:58.447] "remote.SSH.showLoginTerminal": true
[15:14:58.448] "remote.SSH.defaultExtensions": []
[15:14:58.448] "remote.SSH.loglevel": 2
[15:14:58.448] "remote.SSH.enableDynamicForwarding": true
[15:14:58.448] "remote.SSH.enableRemoteCommand": false
[15:14:58.448] "remote.SSH.serverPickPortsFromRange": {}
[15:14:58.448] "remote.SSH.serverInstallPath": {}
[15:14:58.452] VS Code version: 1.82.0
[15:14:58.452] Remote-SSH version: remote-ssh@0.106.2
[15:14:58.452] linux x64
[15:14:58.453] SSH Resolver called for host: 10.100.30.241
[15:14:58.453] Setting up SSH remote "10.100.30.241"
[15:14:58.456] Acquiring local install lock: /tmp/vscode-remote-ssh-69e67e69-install.lock
[15:14:58.458] Looking for existing server data file at /home/nikita/.config/Code/User/globalStorage/ms-vscode-remote.remote-ssh/vscode-ssh-host-69e67e69-8b617bd08fd9e3fc94d14adb8d358b56e3f72314-0.106.2/data.json
[15:14:58.458] Using commit id "8b617bd08fd9e3fc94d14adb8d358b56e3f72314" and quality "stable" for server
[15:14:58.464] Install and start server if needed
[15:14:58.467] PATH: /usr/local/sbin:/usr/local/bin:/usr/bin:/usr/bin/site_perl:/usr/bin/vendor_perl:/usr/bin/core_perl
[15:14:58.467] Checking ssh with "ssh -V"
[15:14:58.478] > OpenSSH_9.4p1, OpenSSL 3.1.2 1 Aug 2023

[15:14:58.481] askpass server listening on /run/user/1000/vscode-ssh-askpass-21192cd8cedfa29372583edcfc6415b591a4c930.sock
[15:14:58.482] Spawning local server with {"serverId":1,"ipcHandlePath":"/run/user/1000/vscode-ssh-askpass-7bf50f721875ded010ca2823ad32bf0dc22f2458.sock","sshCommand":"ssh","sshArgs":["-v","-T","-D","40019","-o","ConnectTimeout=15","10.100.30.241"],"serverDataFolderName":".vscode-server","dataFilePath":"/home/nikita/.config/Code/User/globalStorage/ms-vscode-remote.remote-ssh/vscode-ssh-host-69e67e69-8b617bd08fd9e3fc94d14adb8d358b56e3f72314-0.106.2/data.json"}
[15:14:58.482] Local server env: {"SHELL":"/usr/bin/zsh","DISPLAY":":0","ELECTRON_RUN_AS_NODE":"1","SSH_ASKPASS":"/home/nikita/.vscode/extensions/ms-vscode-remote.remote-ssh-0.106.2/out/local-server/askpass.sh","VSCODE_SSH_ASKPASS_NODE":"/opt/visual-studio-code/code","VSCODE_SSH_ASKPASS_EXTRA_ARGS":"--ms-enable-electron-run-as-node","VSCODE_SSH_ASKPASS_MAIN":"/home/nikita/.vscode/extensions/ms-vscode-remote.remote-ssh-0.106.2/out/askpass-main.js","VSCODE_SSH_ASKPASS_HANDLE":"/run/user/1000/vscode-ssh-askpass-21192cd8cedfa29372583edcfc6415b591a4c930.sock"}
[15:14:58.487] Spawned 31720
[15:14:58.591] > local-server-1> Running ssh connection command: "-v -T -D 40019 -o ConnectTimeout=15 10.100.30.241"
[15:14:58.595] > local-server-1> Spawned ssh, pid=31728
[15:14:58.599] stderr> OpenSSH_9.4p1, OpenSSL 3.1.2 1 Aug 2023
[15:14:58.648] stderr> debug1: Server host key: ssh-ed25519 SHA256:64oUIBC3VbSt6V+I3PDzeWNVCW0xyH5BajHniFdBuEU
[15:14:58.829] Got askpass request: {"request":"Enter passphrase for key '/home/nikita/.ssh/id_ed25519':"}
[15:14:58.830] Detected passphrase message
[15:14:58.832] Listening for interwindow password on /run/user/1000/vscode-ssh-askpass-a40679200a071668dec510def46137bd809e4965.sock
[15:14:58.832] Writing password prompt to globalState
[15:15:02.370] Got passphrase response
[15:15:02.371] Interactor gave response: *******
[15:15:02.371] Cleaning up other-window auth server
[15:15:02.534] stderr> Authenticated to 10.100.30.241 ([10.100.30.241]:2222) using "publickey".
[15:15:02.571] > Welcome to Ubuntu 20.04.6 LTS (GNU/Linux 5.15.0-78-generic x86_64)
> 
>  * Documentation:  https://help.ubuntu.com
>  * Management:     https://landscape.canonical.com
>  * Support:        https://ubuntu.com/advantage
> 
> This system has been minimized by removing packages and content that are
> not required on a system that users do not log into.
> 
> To restore this content, you can run the 'unminimize' command.
[15:15:02.574] > ready: 8340e8a1cf38
[15:15:02.577] > Linux 5.15.0-78-generic #85-Ubuntu SMP Fri Jul 7 15:25:09 UTC 2023
[15:15:02.578] Platform: linux
[15:15:02.579] > /usr/bin/zsh
[15:15:02.580] Shell: zsh
[15:15:02.580] Creating bash subshell inside "zsh"
[15:15:02.584] > bash version:  5.0.17(1)-release
[15:15:02.605] > 8340e8a1cf38: running
[15:15:02.647] > Acquiring lock on /root/.vscode-server/bin/8b617bd08fd9e3fc94d14adb8d358b56e3f72314/vscode-remote-lock.root.8b617bd08fd9e3fc94d14adb8d358b56e3f72314
[15:15:02.654] > Found existing installation at /root/.vscode-server/bin/8b617bd08fd9e3fc94d14adb8d358b56e3f72314...
> Checking /root/.vscode-server/.8b617bd08fd9e3fc94d14adb8d358b56e3f72314.log and /root/.vscode-server/.8b617bd08fd9e3fc94d14adb8d358b56e3f72314.pid for a running server
[15:15:02.656] > Looking for server with pid: 1192385
[15:15:02.670] > Running ssh connection command... /root/.vscode-server/bin/8b617bd08fd9e3fc94d14adb8d358b56e3f72314/bin/code-server --start-server --host=127.0.0.1 --accept-server-license-terms --enable-remote-auto-shutdown --port=0 --telemetry-level all   &> "/root/.vscode-server/.8b617bd08fd9e3fc94d14adb8d358b56e3f72314.log" < /dev/null
> printenv:
[15:15:02.673] >     SHELL=/usr/bin/zsh
>     PWD=/root
>     LOGNAME=root
>     MOTD_SHOWN=pam
>     HOME=/root
>     VSCODE_AGENT_FOLDER=/root/.vscode-server
>     SSH_CONNECTION=10.243.1.135 54142 10.100.30.241 2222
>     USER=root
>     SHLVL=1
>     SSH_CLIENT=10.243.1.135 54142 2222
>     PATH=/usr/local/sbin:/usr/local/bin:/usr/sbin:/usr/bin:/sbin:/bin:/usr/games:/usr/local/games:/snap/bin
>     OLDPWD=/root
>     _=/usr/bin/printenv
[15:15:02.683] > Removing old logfile at /root/.vscode-server/.8b617bd08fd9e3fc94d14adb8d358b56e3f72314.log
[15:15:02.686] > Spawned remote server: 1197315
[15:15:02.691] > Waiting for server log...
[15:15:02.729] > Waiting for server log...
[15:15:02.766] > Waiting for server log...
[15:15:02.810] >  
> *
> * Visual Studio Code Server
> *
> * By using the software, you agree to
> * the Visual Studio Code Server License Terms (https://aka.ms/vscode-server-license) and
> * the Microsoft Privacy Statement (https://privacy.microsoft.com/en-US/privacystatement).
> *
>  
[15:15:02.821] > 8340e8a1cf38: start
> SSH_AUTH_SOCK====
> DISPLAY====
> webUiAccessToken====
> listeningOn==44437==
> osReleaseId==ubuntu==
> arch==x86_64==
> vscodeArch==x64==
> bitness==64==
> tmpDir==/tmp==
> platform==linux==
[15:15:02.822] > unpackResult====
> didLocalDownload==0==
> downloadTime====
> installTime====
> extInstallTime====
> serverStartTime==131==
> connectionToken==a11a1111-1aa1-1111-a1a1-a1a111a111aa==
> 8340e8a1cf38: end
[15:15:02.823] Received install output: 
SSH_AUTH_SOCK====
DISPLAY====
webUiAccessToken====
listeningOn==44437==
osReleaseId==ubuntu==
arch==x86_64==
vscodeArch==x64==
bitness==64==
tmpDir==/tmp==
platform==linux==unpackResult====
didLocalDownload==0==
downloadTime====
installTime====
extInstallTime====
serverStartTime==131==
connectionToken==a11a1111-1aa1-1111-a1a1-a1a111a111aa==

[15:15:02.824] Remote server is listening on port 44437
[15:15:02.824] Parsed server configuration: {"serverConfiguration":{"remoteListeningOn":{"port":44437},"osReleaseId":"ubuntu","arch":"x86_64","webUiAccessToken":"","sshAuthSock":"","display":"","tmpDir":"/tmp","platform":"linux","connectionToken":"a11a1111-1aa1-1111-a1a1-a1a111a111aa"},"serverStartTime":131,"installUnpackCode":""}
[15:15:02.826] Persisting server connection details to /home/nikita/.config/Code/User/globalStorage/ms-vscode-remote.remote-ssh/vscode-ssh-host-69e67e69-8b617bd08fd9e3fc94d14adb8d358b56e3f72314-0.106.2/data.json
[15:15:02.829] Starting forwarding server. local port 38295 -> socksPort 40019 -> remotePort 44437
[15:15:02.829] Forwarding server listening on port 38295
[15:15:02.829] Waiting for ssh tunnel to be ready
[15:15:02.830] [Forwarding server port 38295] Got connection 0
[15:15:02.831] Tunneled port 44437 to local port 38295
[15:15:02.831] Resolved "ssh-remote+10.100.30.241" to "port 38295"
[15:15:02.840] ------




[15:15:02.909] [Forwarding server port 38295] Got connection 1
[15:15:02.988] [Forwarding server port 38295] Got connection 2
