2023-09-10 15:52:09 Loading main app package /usr/lib/obsidian/obsidian.asar
2023-09-10 15:52:09 Checking for update using Github
2023-09-10 15:52:10 Success.
2023-09-10 15:52:10 Latest version is 1.4.5
2023-09-10 15:52:10 App is up to date.
2023-09-10 15:53:17 Loading main app package /usr/lib/obsidian/obsidian.asar
2023-09-10 15:53:20 Checking for update using Github
2023-09-10 15:53:29 Loading main app package /usr/lib/obsidian/obsidian.asar
2023-09-10 15:53:32 Checking for update using Github
2023-09-10 15:53:32 Loading main app package /usr/lib/obsidian/obsidian.asar
2023-09-10 15:53:33 Checking for update using Github
2023-09-10 15:54:09 Loading main app package /usr/lib/obsidian/obsidian.asar
2023-09-10 15:54:09 Checking for update using Github
2023-09-10 15:54:09 Success.
2023-09-10 15:54:09 Latest version is 1.4.5
2023-09-10 15:54:09 App is up to date.
2023-09-10 15:54:47 Loading main app package /usr/lib/obsidian/obsidian.asar
2023-09-10 15:54:47 Checking for update using Github
2023-09-10 15:55:32 Loading main app package /usr/lib/obsidian/obsidian.asar
2023-09-10 15:55:32 Checking for update using Github
2023-09-10 15:55:32 Success.
2023-09-10 15:55:32 Latest version is 1.4.5
2023-09-10 15:55:32 App is up to date.
